

INFO 2020-07-08 19:09:18,800 autoreload 598 Watching for file changes with StatReloader
INFO 2020-07-08 19:09:29,872 autoreload 598 Watching for file changes with StatReloader
INFO 2020-07-08 20:21:56,297 autoreload 222 F:\python\Stage3\edu\edu_api\edu_api\settings\develop.py changed, reloading.
INFO 2020-07-08 20:22:39,859 autoreload 598 Watching for file changes with StatReloader
INFO 2020-07-08 20:22:59,602 autoreload 222 F:\python\Stage3\edu\edu_api\edu_api\settings\develop.py changed, reloading.
INFO 2020-07-08 20:23:17,273 autoreload 598 Watching for file changes with StatReloader
ERROR 2020-07-08 20:23:23,651 exception 77 Invalid HTTP_HOST header: '127.0.0.1:9001'. You may need to add '127.0.0.1' to ALLOWED_HOSTS.
WARNING 2020-07-08 20:23:26,374 log 228 Bad Request: /
WARNING 2020-07-08 20:23:26,374 basehttp 157 "GET / HTTP/1.1" 400 68334
ERROR 2020-07-08 20:23:33,519 exception 77 Invalid HTTP_HOST header: '127.0.0.1:9001'. You may need to add '127.0.0.1' to ALLOWED_HOSTS.
WARNING 2020-07-08 20:23:33,564 log 228 Bad Request: /favicon.ico
WARNING 2020-07-08 20:23:33,566 basehttp 157 "GET /favicon.ico HTTP/1.1" 400 68233
INFO 2020-07-08 20:24:38,289 basehttp 157 "GET / HTTP/1.1" 200 16299
INFO 2020-07-08 20:24:38,502 basehttp 157 "GET /static/admin/css/fonts.css HTTP/1.1" 200 423
INFO 2020-07-08 20:24:39,666 basehttp 157 "GET /static/admin/fonts/Roboto-Bold-webfont.woff HTTP/1.1" 200 86184
INFO 2020-07-08 20:24:39,668 basehttp 157 "GET /static/admin/fonts/Roboto-Regular-webfont.woff HTTP/1.1" 200 85876
INFO 2020-07-08 20:24:39,669 basehttp 157 "GET /static/admin/fonts/Roboto-Light-webfont.woff HTTP/1.1" 200 85692
WARNING 2020-07-08 20:24:39,837 log 228 Not Found: /favicon.ico
WARNING 2020-07-08 20:24:39,839 basehttp 157 "GET /favicon.ico HTTP/1.1" 404 1982
INFO 2020-07-08 20:49:18,841 basehttp 157 "GET / HTTP/1.1" 200 16299
INFO 2020-07-08 20:50:45,302 autoreload 222 F:\python\Stage3\edu\edu_api\edu_api\settings\develop.py changed, reloading.
INFO 2020-07-08 20:51:50,321 autoreload 598 Watching for file changes with StatReloader
INFO 2020-07-08 20:52:13,582 basehttp 157 "GET / HTTP/1.1" 200 16299
INFO 2020-07-08 20:52:15,114 basehttp 157 "GET /static/admin/css/fonts.css HTTP/1.1" 200 423
INFO 2020-07-08 20:52:16,644 basehttp 157 "GET /static/admin/fonts/Roboto-Regular-webfont.woff HTTP/1.1" 200 85876
INFO 2020-07-08 20:52:16,676 basehttp 157 "GET /static/admin/fonts/Roboto-Light-webfont.woff HTTP/1.1" 200 85692
INFO 2020-07-08 20:52:16,732 basehttp 157 "GET /static/admin/fonts/Roboto-Bold-webfont.woff HTTP/1.1" 200 86184
WARNING 2020-07-08 20:52:16,906 log 228 Not Found: /favicon.ico
WARNING 2020-07-08 20:52:16,907 basehttp 157 "GET /favicon.ico HTTP/1.1" 404 1982
INFO 2020-07-08 21:07:25,405 autoreload 598 Watching for file changes with StatReloader
INFO 2020-07-08 21:08:13,337 autoreload 222 F:\python\Stage3\edu\edu_api\edu_api\settings\__init__.py changed, reloading.
INFO 2020-07-08 21:09:50,871 autoreload 598 Watching for file changes with StatReloader
INFO 2020-07-08 21:15:56,990 autoreload 598 Watching for file changes with StatReloader
INFO 2020-07-08 21:28:27,497 autoreload 222 F:\python\Stage3\edu\edu_api\edu_api\settings\__init__.py changed, reloading.
INFO 2020-07-08 21:28:45,106 autoreload 598 Watching for file changes with StatReloader
INFO 2020-07-08 22:14:41,092 autoreload 598 Watching for file changes with StatReloader
INFO 2020-07-08 22:22:43,310 autoreload 222 F:\python\Stage3\edu\edu_api\edu_api\apps\home\models.py changed, reloading.
INFO 2020-07-08 22:23:06,788 autoreload 598 Watching for file changes with StatReloader
INFO 2020-07-08 23:20:35,433 basehttp 124 "GET /xadmin/ HTTP/1.1" 200 4366
INFO 2020-07-08 23:20:35,961 basehttp 124 "GET /static/xadmin/vendor/bootstrap/css/bootstrap.css HTTP/1.1" 200 126432
INFO 2020-07-08 23:20:36,127 basehttp 124 "GET /static/xadmin/css/xadmin.plugins.css HTTP/1.1" 200 175
INFO 2020-07-08 23:20:36,137 basehttp 124 "GET /static/xadmin/css/xadmin.responsive.css HTTP/1.1" 200 4361
INFO 2020-07-08 23:20:36,149 basehttp 124 "GET /static/xadmin/css/xadmin.main.css HTTP/1.1" 200 8376
INFO 2020-07-08 23:20:36,151 basehttp 124 "GET /static/xadmin/css/themes/bootstrap-xadmin.css HTTP/1.1" 200 1888
INFO 2020-07-08 23:20:36,176 basehttp 124 "GET /static/xadmin/vendor/font-awesome/css/font-awesome.css HTTP/1.1" 200 21658
INFO 2020-07-08 23:20:36,666 basehttp 124 "GET /xadmin/jsi18n/ HTTP/1.1" 200 4373
INFO 2020-07-08 23:20:36,672 basehttp 124 "GET /static/xadmin/vendor/jquery-ui/jquery.ui.core.js HTTP/1.1" 200 8195
INFO 2020-07-08 23:20:36,691 basehttp 124 "GET /static/xadmin/vendor/jquery-ui/jquery.ui.mouse.js HTTP/1.1" 200 4561
INFO 2020-07-08 23:20:36,692 basehttp 124 "GET /static/xadmin/vendor/jquery-ui/jquery.ui.sortable.js HTTP/1.1" 200 42543
INFO 2020-07-08 23:20:36,703 basehttp 124 "GET /static/xadmin/vendor/jquery/jquery.js HTTP/1.1" 200 240196
INFO 2020-07-08 23:20:36,726 basehttp 124 "GET /static/xadmin/vendor/jquery-ui/jquery.ui.widget.js HTTP/1.1" 200 15069
INFO 2020-07-08 23:20:36,827 basehttp 124 "GET /static/xadmin/vendor/jquery-ui/jquery.ui.effect.js HTTP/1.1" 200 31918
INFO 2020-07-08 23:20:36,853 basehttp 124 "GET /static/xadmin/vendor/bootstrap/js/bootstrap.js HTTP/1.1" 200 58327
INFO 2020-07-08 23:20:36,877 basehttp 124 "GET /static/xadmin/js/xadmin.plugin.themes.js HTTP/1.1" 200 3489
INFO 2020-07-08 23:20:36,878 basehttp 124 "GET /static/xadmin/js/xadmin.responsive.js HTTP/1.1" 200 4165
INFO 2020-07-08 23:20:36,900 basehttp 124 "GET /static/xadmin/js/xadmin.main.js HTTP/1.1" 200 3401
INFO 2020-07-08 23:20:37,565 basehttp 124 "GET /static/xadmin/vendor/font-awesome/fonts/fontawesome-webfont.woff?v=4.0.3 HTTP/1.1" 200 44432
INFO 2020-07-08 23:20:52,248 basehttp 124 "POST /xadmin/ HTTP/1.1" 302 0
INFO 2020-07-08 23:21:02,853 basehttp 124 "GET /xadmin/ HTTP/1.1" 200 14777
INFO 2020-07-08 23:21:02,959 basehttp 124 "GET /static/xadmin/js/xadmin.page.dashboard.js HTTP/1.1" 200 3208
INFO 2020-07-08 23:21:02,986 basehttp 124 "GET /static/xadmin/css/xadmin.page.dashboard.css HTTP/1.1" 200 790
INFO 2020-07-08 23:21:02,992 basehttp 124 "GET /static/xadmin/js/xadmin.plugin.portal.js HTTP/1.1" 200 1000
INFO 2020-07-08 23:21:07,016 basehttp 124 "GET /xadmin/jsi18n/ HTTP/1.1" 200 7684
INFO 2020-07-08 23:21:23,284 basehttp 124 "GET /xadmin/home/nav/ HTTP/1.1" 200 24879
INFO 2020-07-08 23:21:23,371 basehttp 124 "GET /static/xadmin/css/xadmin.form.css HTTP/1.1" 200 3763
INFO 2020-07-08 23:21:23,388 basehttp 124 "GET /static/xadmin/js/xadmin.plugin.details.js HTTP/1.1" 200 2319
INFO 2020-07-08 23:21:23,425 basehttp 124 "GET /static/xadmin/js/xadmin.plugin.bookmark.js HTTP/1.1" 200 529
INFO 2020-07-08 23:21:23,581 basehttp 124 "GET /static/xadmin/js/xadmin.plugin.filters.js HTTP/1.1" 200 1990
INFO 2020-07-08 23:21:23,586 basehttp 124 "GET /static/xadmin/js/xadmin.page.form.js HTTP/1.1" 200 1948
INFO 2020-07-08 23:21:23,587 basehttp 124 "GET /static/xadmin/js/xadmin.page.list.js HTTP/1.1" 200 1105
INFO 2020-07-08 23:21:27,615 basehttp 124 "GET /xadmin/jsi18n/ HTTP/1.1" 200 7684
INFO 2020-07-08 23:21:35,660 basehttp 124 "GET /xadmin/auth/user/ HTTP/1.1" 200 34331
INFO 2020-07-08 23:21:35,769 basehttp 124 "GET /static/xadmin/js/xadmin.plugin.actions.js HTTP/1.1" 200 4198
INFO 2020-07-08 23:21:39,749 basehttp 124 "GET /xadmin/jsi18n/ HTTP/1.1" 200 7684
INFO 2020-07-08 23:21:49,494 basehttp 124 "GET /xadmin/auth/user/1/update/ HTTP/1.1" 200 28686
INFO 2020-07-08 23:21:49,590 basehttp 124 "GET /static/xadmin/vendor/bootstrap-datepicker/css/datepicker.css HTTP/1.1" 200 10225
INFO 2020-07-08 23:21:49,697 basehttp 124 "GET /static/xadmin/vendor/bootstrap-datepicker/js/bootstrap-datepicker.js HTTP/1.1" 200 32656
INFO 2020-07-08 23:21:49,699 basehttp 124 "GET /static/xadmin/vendor/bootstrap-clockpicker/bootstrap-clockpicker.js HTTP/1.1" 200 21112
INFO 2020-07-08 23:21:49,700 basehttp 124 "GET /static/xadmin/vendor/bootstrap-clockpicker/bootstrap-clockpicker.css HTTP/1.1" 200 3729
INFO 2020-07-08 23:21:49,706 basehttp 124 "GET /static/xadmin/css/xadmin.widget.select-transfer.css HTTP/1.1" 200 2317
INFO 2020-07-08 23:21:49,716 basehttp 124 "GET /static/xadmin/js/xadmin.widget.datetime.js HTTP/1.1" 200 2979
INFO 2020-07-08 23:21:49,783 basehttp 124 "GET /static/xadmin/js/xadmin.widget.select-transfer.js HTTP/1.1" 200 8214
INFO 2020-07-08 23:21:49,909 basehttp 124 "GET /static/xadmin/js/xadmin.plugin.quick-form.js HTTP/1.1" 200 7546
INFO 2020-07-08 23:21:53,736 basehttp 124 "GET /xadmin/jsi18n/ HTTP/1.1" 200 7684
INFO 2020-07-08 23:22:07,429 basehttp 124 "GET /xadmin/auth/group/ HTTP/1.1" 200 23985
INFO 2020-07-08 23:22:11,513 basehttp 124 "GET /xadmin/jsi18n/ HTTP/1.1" 200 7684
INFO 2020-07-08 23:22:50,380 basehttp 124 "GET /xadmin/auth/user/ HTTP/1.1" 200 34331
INFO 2020-07-08 23:22:50,522 basehttp 124 "GET /static/xadmin/vendor/bootstrap/css/bootstrap.css HTTP/1.1" 304 0
INFO 2020-07-08 23:22:50,525 basehttp 124 "GET /static/xadmin/css/themes/bootstrap-xadmin.css HTTP/1.1" 304 0
INFO 2020-07-08 23:22:50,531 basehttp 124 "GET /static/xadmin/vendor/font-awesome/css/font-awesome.css HTTP/1.1" 304 0
INFO 2020-07-08 23:22:50,533 basehttp 124 "GET /static/xadmin/css/xadmin.plugins.css HTTP/1.1" 304 0
INFO 2020-07-08 23:22:50,535 basehttp 124 "GET /static/xadmin/css/xadmin.main.css HTTP/1.1" 304 0
INFO 2020-07-08 23:22:50,541 basehttp 124 "GET /static/xadmin/vendor/jquery-ui/jquery.ui.core.js HTTP/1.1" 304 0
INFO 2020-07-08 23:22:50,542 basehttp 124 "GET /static/xadmin/css/xadmin.responsive.css HTTP/1.1" 304 0
INFO 2020-07-08 23:22:50,544 basehttp 124 "GET /static/xadmin/vendor/jquery-ui/jquery.ui.widget.js HTTP/1.1" 304 0
INFO 2020-07-08 23:22:50,547 basehttp 124 "GET /static/xadmin/vendor/jquery-ui/jquery.ui.sortable.js HTTP/1.1" 304 0
INFO 2020-07-08 23:22:50,549 basehttp 124 "GET /static/xadmin/js/xadmin.responsive.js HTTP/1.1" 304 0
INFO 2020-07-08 23:22:50,554 basehttp 124 "GET /static/xadmin/vendor/jquery-ui/jquery.ui.effect.js HTTP/1.1" 304 0
INFO 2020-07-08 23:22:50,557 basehttp 124 "GET /static/xadmin/vendor/bootstrap/js/bootstrap.js HTTP/1.1" 304 0
INFO 2020-07-08 23:22:50,558 basehttp 124 "GET /static/xadmin/js/xadmin.main.js HTTP/1.1" 304 0
INFO 2020-07-08 23:22:50,558 basehttp 124 "GET /static/xadmin/vendor/jquery-ui/jquery.ui.mouse.js HTTP/1.1" 304 0
INFO 2020-07-08 23:22:50,617 basehttp 124 "GET /static/xadmin/vendor/jquery/jquery.js HTTP/1.1" 304 0
INFO 2020-07-08 23:22:50,618 basehttp 124 "GET /static/xadmin/js/xadmin.plugin.themes.js HTTP/1.1" 304 0
INFO 2020-07-08 23:22:54,642 basehttp 124 "GET /xadmin/jsi18n/ HTTP/1.1" 200 7684
INFO 2020-07-08 23:23:01,086 basehttp 124 "GET /xadmin/auth/user/1/update/ HTTP/1.1" 200 28686
INFO 2020-07-08 23:23:01,127 basehttp 124 "GET /static/xadmin/js/xadmin.plugin.portal.js HTTP/1.1" 304 0
INFO 2020-07-08 23:23:05,171 basehttp 124 "GET /xadmin/jsi18n/ HTTP/1.1" 200 7684
INFO 2020-07-08 23:23:47,327 basehttp 124 "GET /xadmin/ HTTP/1.1" 200 14777
INFO 2020-07-08 23:23:47,392 basehttp 124 "GET /static/xadmin/css/xadmin.page.dashboard.css HTTP/1.1" 304 0
INFO 2020-07-08 23:23:47,393 basehttp 124 "GET /static/xadmin/js/xadmin.page.dashboard.js HTTP/1.1" 304 0
INFO 2020-07-08 23:23:51,413 basehttp 124 "GET /xadmin/jsi18n/ HTTP/1.1" 200 7684
INFO 2020-07-08 23:24:22,017 basehttp 124 "GET /xadmin/auth/group/ HTTP/1.1" 200 23985
INFO 2020-07-08 23:24:22,077 basehttp 124 "GET /static/xadmin/css/xadmin.form.css HTTP/1.1" 304 0
INFO 2020-07-08 23:24:22,100 basehttp 124 "GET /static/xadmin/js/xadmin.plugin.details.js HTTP/1.1" 304 0
INFO 2020-07-08 23:24:22,100 basehttp 124 "GET /static/xadmin/js/xadmin.plugin.filters.js HTTP/1.1" 304 0
INFO 2020-07-08 23:24:22,101 basehttp 124 "GET /static/xadmin/js/xadmin.plugin.bookmark.js HTTP/1.1" 304 0
INFO 2020-07-08 23:24:22,101 basehttp 124 "GET /static/xadmin/js/xadmin.page.list.js HTTP/1.1" 304 0
INFO 2020-07-08 23:24:22,104 basehttp 124 "GET /static/xadmin/js/xadmin.page.form.js HTTP/1.1" 304 0
INFO 2020-07-08 23:24:26,105 basehttp 124 "GET /xadmin/jsi18n/ HTTP/1.1" 200 7684
INFO 2020-07-08 23:24:49,797 basehttp 124 "GET /xadmin/home/banner/ HTTP/1.1" 200 24316
INFO 2020-07-08 23:24:49,878 basehttp 124 "GET /static/xadmin/vendor/bootstrap/css/bootstrap.css HTTP/1.1" 304 0
INFO 2020-07-08 23:24:49,879 basehttp 124 "GET /static/xadmin/css/themes/bootstrap-xadmin.css HTTP/1.1" 304 0
INFO 2020-07-08 23:24:49,879 basehttp 124 "GET /static/xadmin/css/xadmin.responsive.css HTTP/1.1" 304 0
INFO 2020-07-08 23:24:49,880 basehttp 124 "GET /static/xadmin/css/xadmin.main.css HTTP/1.1" 304 0
INFO 2020-07-08 23:24:49,880 basehttp 124 "GET /static/xadmin/css/xadmin.plugins.css HTTP/1.1" 304 0
INFO 2020-07-08 23:24:49,880 basehttp 124 "GET /static/xadmin/vendor/font-awesome/css/font-awesome.css HTTP/1.1" 304 0
INFO 2020-07-08 23:24:49,903 basehttp 124 "GET /static/xadmin/vendor/jquery-ui/jquery.ui.widget.js HTTP/1.1" 304 0
INFO 2020-07-08 23:24:49,904 basehttp 124 "GET /static/xadmin/vendor/bootstrap/js/bootstrap.js HTTP/1.1" 304 0
INFO 2020-07-08 23:24:49,904 basehttp 124 "GET /static/xadmin/vendor/jquery-ui/jquery.ui.sortable.js HTTP/1.1" 304 0
INFO 2020-07-08 23:24:49,904 basehttp 124 "GET /static/xadmin/vendor/jquery-ui/jquery.ui.mouse.js HTTP/1.1" 304 0
INFO 2020-07-08 23:24:49,905 basehttp 124 "GET /static/xadmin/js/xadmin.main.js HTTP/1.1" 304 0
INFO 2020-07-08 23:24:49,906 basehttp 124 "GET /static/xadmin/js/xadmin.responsive.js HTTP/1.1" 304 0
INFO 2020-07-08 23:24:49,922 basehttp 124 "GET /static/xadmin/vendor/jquery/jquery.js HTTP/1.1" 304 0
INFO 2020-07-08 23:24:49,923 basehttp 124 "GET /static/xadmin/vendor/jquery-ui/jquery.ui.core.js HTTP/1.1" 304 0
INFO 2020-07-08 23:24:49,924 basehttp 124 "GET /static/xadmin/js/xadmin.plugin.themes.js HTTP/1.1" 304 0
INFO 2020-07-08 23:24:49,926 basehttp 124 "GET /static/xadmin/vendor/jquery-ui/jquery.ui.effect.js HTTP/1.1" 304 0
INFO 2020-07-08 23:24:53,945 basehttp 124 "GET /xadmin/jsi18n/ HTTP/1.1" 200 7684
INFO 2020-07-08 23:25:00,463 basehttp 124 "GET /xadmin/home/banner/add/ HTTP/1.1" 200 19852
INFO 2020-07-08 23:25:00,539 basehttp 124 "GET /static/xadmin/vendor/bootstrap-image-gallery/css/bootstrap-image-gallery.css HTTP/1.1" 200 3339
INFO 2020-07-08 23:25:00,577 basehttp 124 "GET /static/xadmin/js/xadmin.plugin.portal.js HTTP/1.1" 304 0
INFO 2020-07-08 23:25:00,579 basehttp 124 "GET /static/xadmin/vendor/bootstrap-image-gallery/js/bootstrap-image-gallery.js HTTP/1.1" 200 15611
INFO 2020-07-08 23:25:00,597 basehttp 124 "GET /static/xadmin/vendor/load-image/load-image.js HTTP/1.1" 200 8309
INFO 2020-07-08 23:25:04,598 basehttp 124 "GET /xadmin/jsi18n/ HTTP/1.1" 200 7684
INFO 2020-07-08 23:26:23,033 basehttp 124 "POST /xadmin/home/banner/add/ HTTP/1.1" 302 0
INFO 2020-07-08 23:26:27,146 basehttp 124 "GET /xadmin/home/banner/add/ HTTP/1.1" 200 20195
INFO 2020-07-08 23:26:27,183 basehttp 124 "GET /static/xadmin/css/xadmin.form.css HTTP/1.1" 304 0
INFO 2020-07-08 23:26:27,189 basehttp 124 "GET /static/xadmin/js/xadmin.page.form.js HTTP/1.1" 304 0
INFO 2020-07-08 23:26:31,205 basehttp 124 "GET /xadmin/jsi18n/ HTTP/1.1" 200 7684
INFO 2020-07-08 23:26:56,176 basehttp 124 "POST /xadmin/home/banner/add/ HTTP/1.1" 302 0
INFO 2020-07-08 23:27:00,376 basehttp 124 "GET /xadmin/home/banner/add/ HTTP/1.1" 200 20198
INFO 2020-07-08 23:27:00,499 basehttp 124 "GET /static/xadmin/css/themes/bootstrap-xadmin.css HTTP/1.1" 304 0
INFO 2020-07-08 23:27:00,499 basehttp 124 "GET /static/xadmin/vendor/bootstrap/css/bootstrap.css HTTP/1.1" 304 0
INFO 2020-07-08 23:27:00,505 basehttp 124 "GET /static/xadmin/vendor/font-awesome/css/font-awesome.css HTTP/1.1" 304 0
INFO 2020-07-08 23:27:00,512 basehttp 124 "GET /static/xadmin/css/xadmin.main.css HTTP/1.1" 304 0
INFO 2020-07-08 23:27:00,516 basehttp 124 "GET /static/xadmin/vendor/jquery-ui/jquery.ui.widget.js HTTP/1.1" 304 0
INFO 2020-07-08 23:27:00,520 basehttp 124 "GET /static/xadmin/css/xadmin.plugins.css HTTP/1.1" 304 0
INFO 2020-07-08 23:27:00,521 basehttp 124 "GET /static/xadmin/css/xadmin.responsive.css HTTP/1.1" 304 0
INFO 2020-07-08 23:27:00,526 basehttp 124 "GET /static/xadmin/vendor/jquery-ui/jquery.ui.mouse.js HTTP/1.1" 304 0
INFO 2020-07-08 23:27:00,528 basehttp 124 "GET /static/xadmin/vendor/jquery-ui/jquery.ui.sortable.js HTTP/1.1" 304 0
INFO 2020-07-08 23:27:00,530 basehttp 124 "GET /static/xadmin/js/xadmin.main.js HTTP/1.1" 304 0
INFO 2020-07-08 23:27:00,537 basehttp 124 "GET /static/xadmin/vendor/jquery/jquery.js HTTP/1.1" 304 0
INFO 2020-07-08 23:27:00,538 basehttp 124 "GET /static/xadmin/vendor/jquery-ui/jquery.ui.core.js HTTP/1.1" 304 0
INFO 2020-07-08 23:27:00,540 basehttp 124 "GET /static/xadmin/js/xadmin.responsive.js HTTP/1.1" 304 0
INFO 2020-07-08 23:27:00,550 basehttp 124 "GET /static/xadmin/js/xadmin.plugin.themes.js HTTP/1.1" 304 0
INFO 2020-07-08 23:27:00,555 basehttp 124 "GET /static/xadmin/vendor/bootstrap/js/bootstrap.js HTTP/1.1" 304 0
INFO 2020-07-08 23:27:00,557 basehttp 124 "GET /static/xadmin/vendor/jquery-ui/jquery.ui.effect.js HTTP/1.1" 304 0
INFO 2020-07-08 23:27:04,597 basehttp 124 "GET /xadmin/jsi18n/ HTTP/1.1" 200 7684
INFO 2020-07-08 23:27:27,061 basehttp 124 "POST /xadmin/home/banner/add/ HTTP/1.1" 302 0
INFO 2020-07-08 23:27:31,186 basehttp 124 "GET /xadmin/home/banner/add/ HTTP/1.1" 200 20195
INFO 2020-07-08 23:27:31,276 basehttp 124 "GET /static/xadmin/vendor/bootstrap-image-gallery/css/bootstrap-image-gallery.css HTTP/1.1" 304 0
INFO 2020-07-08 23:27:31,282 basehttp 124 "GET /static/xadmin/vendor/load-image/load-image.js HTTP/1.1" 304 0
INFO 2020-07-08 23:27:31,285 basehttp 124 "GET /static/xadmin/vendor/bootstrap-image-gallery/js/bootstrap-image-gallery.js HTTP/1.1" 304 0
INFO 2020-07-08 23:27:31,286 basehttp 124 "GET /static/xadmin/js/xadmin.plugin.portal.js HTTP/1.1" 304 0
INFO 2020-07-08 23:27:35,295 basehttp 124 "GET /xadmin/jsi18n/ HTTP/1.1" 200 7684
INFO 2020-07-08 23:27:57,534 basehttp 124 "POST /xadmin/home/banner/add/ HTTP/1.1" 302 0
INFO 2020-07-08 23:28:01,809 basehttp 124 "GET /xadmin/home/banner/ HTTP/1.1" 200 30118
INFO 2020-07-08 23:28:01,875 basehttp 124 "GET /static/xadmin/js/xadmin.plugin.details.js HTTP/1.1" 304 0
INFO 2020-07-08 23:28:01,880 basehttp 124 "GET /static/xadmin/js/xadmin.plugin.filters.js HTTP/1.1" 304 0
INFO 2020-07-08 23:28:01,884 basehttp 124 "GET /static/xadmin/js/xadmin.plugin.bookmark.js HTTP/1.1" 304 0
INFO 2020-07-08 23:28:01,885 basehttp 124 "GET /static/xadmin/js/xadmin.plugin.actions.js HTTP/1.1" 304 0
INFO 2020-07-08 23:28:01,886 basehttp 124 "GET /static/xadmin/js/xadmin.page.list.js HTTP/1.1" 304 0
INFO 2020-07-08 23:28:05,894 basehttp 124 "GET /xadmin/jsi18n/ HTTP/1.1" 200 7684
INFO 2020-07-08 23:28:29,952 basehttp 124 "GET /xadmin/home/nav/ HTTP/1.1" 200 24879
INFO 2020-07-08 23:28:34,133 basehttp 124 "GET /xadmin/jsi18n/ HTTP/1.1" 200 7684
INFO 2020-07-08 23:28:54,494 basehttp 124 "GET /xadmin/home/nav/add/ HTTP/1.1" 200 19168
INFO 2020-07-08 23:28:54,577 basehttp 124 "GET /static/xadmin/css/xadmin.form.css HTTP/1.1" 304 0
INFO 2020-07-08 23:28:54,596 basehttp 124 "GET /static/xadmin/vendor/selectize/selectize.bootstrap3.css HTTP/1.1" 200 10602
INFO 2020-07-08 23:28:54,597 basehttp 124 "GET /static/xadmin/vendor/selectize/selectize.css HTTP/1.1" 200 8425
INFO 2020-07-08 23:28:54,604 basehttp 124 "GET /static/xadmin/js/xadmin.page.form.js HTTP/1.1" 304 0
INFO 2020-07-08 23:28:54,613 basehttp 124 "GET /static/xadmin/vendor/selectize/selectize.js HTTP/1.1" 200 98602
INFO 2020-07-08 23:28:54,621 basehttp 124 "GET /static/xadmin/js/xadmin.widget.select.js HTTP/1.1" 200 1344
INFO 2020-07-08 23:28:54,659 basehttp 124 "GET /static/xadmin/vendor/select2/select2.css HTTP/1.1" 200 19226
INFO 2020-07-08 23:28:54,739 basehttp 124 "GET /static/xadmin/vendor/select2/select2.js HTTP/1.1" 200 104906
INFO 2020-07-08 23:28:54,818 basehttp 124 "GET /static/xadmin/vendor/select2/select2_locale_zh-hans.js HTTP/1.1" 200 694
INFO 2020-07-08 23:28:58,601 basehttp 124 "GET /xadmin/jsi18n/ HTTP/1.1" 200 7684
INFO 2020-07-08 23:40:50,225 basehttp 124 "GET /home/banner/ HTTP/1.1" 200 395
INFO 2020-07-08 23:40:52,218 basehttp 124 "GET /media/banner/timg_5.jpg HTTP/1.1" 200 7595
INFO 2020-07-08 23:40:52,238 basehttp 124 "GET /media/banner/timg_6.jpg HTTP/1.1" 200 4352
INFO 2020-07-08 23:40:52,264 basehttp 124 "GET /media/banner/timg_4.jpg HTTP/1.1" 200 6842
INFO 2020-07-08 23:40:52,272 basehttp 124 "GET /media/banner/u20758204293405854705fm26gp0.jpg HTTP/1.1" 200 21041
INFO 2020-07-08 23:44:25,170 basehttp 124 "GET /home/nav/ HTTP/1.1" 200 2
INFO 2020-07-08 23:44:25,191 basehttp 124 "GET /home/banner/ HTTP/1.1" 200 395
INFO 2020-07-08 23:44:25,243 basehttp 124 "GET /media/banner/u20758204293405854705fm26gp0.jpg HTTP/1.1" 304 0
INFO 2020-07-08 23:44:25,245 basehttp 124 "GET /media/banner/timg_4.jpg HTTP/1.1" 304 0
INFO 2020-07-08 23:44:25,245 basehttp 124 "GET /media/banner/timg_5.jpg HTTP/1.1" 304 0
INFO 2020-07-08 23:44:25,247 basehttp 124 "GET /media/banner/timg_6.jpg HTTP/1.1" 304 0
INFO 2020-07-08 23:44:29,239 basehttp 124 "GET /home/nav/ HTTP/1.1" 200 2
INFO 2020-07-08 23:45:53,324 basehttp 124 "GET /home/banner/ HTTP/1.1" 200 395
INFO 2020-07-08 23:45:53,329 basehttp 124 "GET /home/nav/ HTTP/1.1" 200 2
INFO 2020-07-08 23:45:57,367 basehttp 124 "GET /home/nav/ HTTP/1.1" 200 2
INFO 2020-07-08 23:46:03,219 basehttp 124 "GET /home/nav/ HTTP/1.1" 200 2
INFO 2020-07-08 23:46:03,238 basehttp 124 "GET /home/banner/ HTTP/1.1" 200 395
INFO 2020-07-08 23:46:07,259 basehttp 124 "GET /home/nav/ HTTP/1.1" 200 2
INFO 2020-07-08 23:47:45,832 basehttp 124 "GET /home/banner/ HTTP/1.1" 200 395
INFO 2020-07-08 23:47:45,836 basehttp 124 "GET /home/nav/ HTTP/1.1" 200 2
INFO 2020-07-08 23:47:45,856 basehttp 124 "GET /media/banner/timg_5.jpg HTTP/1.1" 304 0
INFO 2020-07-08 23:47:45,856 basehttp 124 "GET /media/banner/timg_4.jpg HTTP/1.1" 304 0
INFO 2020-07-08 23:47:45,857 basehttp 124 "GET /media/banner/u20758204293405854705fm26gp0.jpg HTTP/1.1" 304 0
INFO 2020-07-08 23:47:45,857 basehttp 124 "GET /media/banner/timg_6.jpg HTTP/1.1" 304 0
INFO 2020-07-08 23:47:49,868 basehttp 124 "GET /home/nav/ HTTP/1.1" 200 2
INFO 2020-07-08 23:48:16,733 basehttp 124 "GET /home/nav/ HTTP/1.1" 200 2
INFO 2020-07-08 23:48:16,759 basehttp 124 "GET /home/banner/ HTTP/1.1" 200 395
INFO 2020-07-08 23:48:20,752 basehttp 124 "GET /home/nav/ HTTP/1.1" 200 2
INFO 2020-07-08 23:49:09,274 basehttp 124 "GET /home/nav/ HTTP/1.1" 200 2
INFO 2020-07-08 23:49:09,284 basehttp 124 "GET /home/banner/ HTTP/1.1" 200 395
INFO 2020-07-08 23:49:13,317 basehttp 124 "GET /home/nav/ HTTP/1.1" 200 2
INFO 2020-07-08 23:49:20,629 basehttp 124 "GET /home/nav/ HTTP/1.1" 200 2
INFO 2020-07-08 23:49:20,648 basehttp 124 "GET /home/banner/ HTTP/1.1" 200 395
INFO 2020-07-08 23:49:24,689 basehttp 124 "GET /home/nav/ HTTP/1.1" 200 2
INFO 2020-07-08 23:49:31,775 basehttp 124 "GET /home/banner/ HTTP/1.1" 200 395
INFO 2020-07-08 23:49:31,779 basehttp 124 "GET /home/nav/ HTTP/1.1" 200 2
INFO 2020-07-08 23:49:35,815 basehttp 124 "GET /home/nav/ HTTP/1.1" 200 2
INFO 2020-07-08 23:49:49,254 basehttp 124 "GET /home/nav/ HTTP/1.1" 200 2
INFO 2020-07-08 23:49:49,280 basehttp 124 "GET /home/banner/ HTTP/1.1" 200 395
INFO 2020-07-08 23:49:49,301 basehttp 124 "GET /media/banner/u20758204293405854705fm26gp0.jpg HTTP/1.1" 304 0
INFO 2020-07-08 23:49:49,303 basehttp 124 "GET /media/banner/timg_4.jpg HTTP/1.1" 304 0
INFO 2020-07-08 23:49:53,285 basehttp 124 "GET /home/nav/ HTTP/1.1" 200 2
INFO 2020-07-08 23:53:26,584 basehttp 124 "POST /xadmin/home/nav/add/ HTTP/1.1" 302 0
INFO 2020-07-08 23:53:34,294 basehttp 124 "GET /xadmin/home/nav/add/ HTTP/1.1" 200 19515
INFO 2020-07-08 23:53:34,651 basehttp 124 "GET /static/xadmin/css/themes/bootstrap-xadmin.css HTTP/1.1" 304 0
INFO 2020-07-08 23:53:34,652 basehttp 124 "GET /static/xadmin/vendor/bootstrap/css/bootstrap.css HTTP/1.1" 304 0
INFO 2020-07-08 23:53:34,657 basehttp 124 "GET /static/xadmin/css/xadmin.main.css HTTP/1.1" 304 0
INFO 2020-07-08 23:53:34,657 basehttp 124 "GET /static/xadmin/vendor/font-awesome/css/font-awesome.css HTTP/1.1" 304 0
INFO 2020-07-08 23:53:34,659 basehttp 124 "GET /static/xadmin/css/xadmin.plugins.css HTTP/1.1" 304 0
INFO 2020-07-08 23:53:34,685 basehttp 124 "GET /static/xadmin/css/xadmin.responsive.css HTTP/1.1" 304 0
INFO 2020-07-08 23:53:35,236 basehttp 124 "GET /static/xadmin/vendor/select2/select2.css HTTP/1.1" 304 0
INFO 2020-07-08 23:53:35,239 basehttp 124 "GET /static/xadmin/css/xadmin.form.css HTTP/1.1" 304 0
INFO 2020-07-08 23:53:35,239 basehttp 124 "GET /static/xadmin/vendor/jquery/jquery.js HTTP/1.1" 304 0
INFO 2020-07-08 23:53:35,240 basehttp 124 "GET /static/xadmin/vendor/selectize/selectize.bootstrap3.css HTTP/1.1" 304 0
INFO 2020-07-08 23:53:35,240 basehttp 124 "GET /static/xadmin/vendor/selectize/selectize.css HTTP/1.1" 304 0
INFO 2020-07-08 23:53:35,415 basehttp 124 "GET /static/xadmin/vendor/jquery-ui/jquery.ui.widget.js HTTP/1.1" 304 0
INFO 2020-07-08 23:53:35,507 basehttp 124 "GET /static/xadmin/vendor/jquery-ui/jquery.ui.mouse.js HTTP/1.1" 304 0
INFO 2020-07-08 23:53:35,508 basehttp 124 "GET /static/xadmin/vendor/bootstrap/js/bootstrap.js HTTP/1.1" 304 0
INFO 2020-07-08 23:53:35,508 basehttp 124 "GET /static/xadmin/js/xadmin.main.js HTTP/1.1" 304 0
INFO 2020-07-08 23:53:35,510 basehttp 124 "GET /static/xadmin/vendor/jquery-ui/jquery.ui.sortable.js HTTP/1.1" 304 0
INFO 2020-07-08 23:53:35,539 basehttp 124 "GET /static/xadmin/js/xadmin.responsive.js HTTP/1.1" 304 0
INFO 2020-07-08 23:53:35,540 basehttp 124 "GET /static/xadmin/js/xadmin.plugin.portal.js HTTP/1.1" 304 0
INFO 2020-07-08 23:53:35,540 basehttp 124 "GET /static/xadmin/js/xadmin.plugin.themes.js HTTP/1.1" 304 0
INFO 2020-07-08 23:53:35,540 basehttp 124 "GET /static/xadmin/vendor/selectize/selectize.js HTTP/1.1" 304 0
INFO 2020-07-08 23:53:35,628 basehttp 124 "GET /static/xadmin/vendor/jquery-ui/jquery.ui.effect.js HTTP/1.1" 304 0
INFO 2020-07-08 23:53:35,680 basehttp 124 "GET /static/xadmin/js/xadmin.page.form.js HTTP/1.1" 304 0
INFO 2020-07-08 23:53:35,680 basehttp 124 "GET /static/xadmin/vendor/select2/select2.js HTTP/1.1" 304 0
INFO 2020-07-08 23:53:35,680 basehttp 124 "GET /static/xadmin/vendor/select2/select2_locale_zh-hans.js HTTP/1.1" 304 0
INFO 2020-07-08 23:53:35,685 basehttp 124 "GET /static/xadmin/vendor/jquery-ui/jquery.ui.core.js HTTP/1.1" 304 0
INFO 2020-07-08 23:53:35,686 basehttp 124 "GET /static/xadmin/js/xadmin.widget.select.js HTTP/1.1" 304 0
INFO 2020-07-08 23:53:39,323 basehttp 124 "GET /xadmin/jsi18n/ HTTP/1.1" 200 7684
INFO 2020-07-08 23:53:39,359 basehttp 124 "GET /static/xadmin/vendor/font-awesome/fonts/fontawesome-webfont.woff?v=4.0.3 HTTP/1.1" 304 0
INFO 2020-07-08 23:53:50,816 basehttp 124 "POST /xadmin/home/nav/add/ HTTP/1.1" 302 0
INFO 2020-07-08 23:53:55,002 basehttp 124 "GET /xadmin/home/nav/add/ HTTP/1.1" 200 19520
INFO 2020-07-08 23:53:59,078 basehttp 124 "GET /xadmin/jsi18n/ HTTP/1.1" 200 7684
INFO 2020-07-08 23:54:09,453 basehttp 124 "POST /xadmin/home/nav/add/ HTTP/1.1" 302 0
INFO 2020-07-08 23:54:13,577 basehttp 124 "GET /xadmin/home/nav/add/ HTTP/1.1" 200 19511
INFO 2020-07-08 23:54:17,672 basehttp 124 "GET /xadmin/jsi18n/ HTTP/1.1" 200 7684
INFO 2020-07-08 23:54:31,996 basehttp 124 "POST /xadmin/home/nav/add/ HTTP/1.1" 302 0
INFO 2020-07-08 23:54:36,435 basehttp 124 "GET /xadmin/home/nav/ HTTP/1.1" 200 30692
INFO 2020-07-08 23:54:36,588 basehttp 124 "GET /static/xadmin/js/xadmin.plugin.filters.js HTTP/1.1" 304 0
INFO 2020-07-08 23:54:36,589 basehttp 124 "GET /static/xadmin/js/xadmin.plugin.actions.js HTTP/1.1" 304 0
INFO 2020-07-08 23:54:36,589 basehttp 124 "GET /static/xadmin/js/xadmin.plugin.bookmark.js HTTP/1.1" 304 0
INFO 2020-07-08 23:54:36,590 basehttp 124 "GET /static/xadmin/js/xadmin.plugin.details.js HTTP/1.1" 304 0
INFO 2020-07-08 23:54:36,603 basehttp 124 "GET /static/xadmin/js/xadmin.page.list.js HTTP/1.1" 304 0
INFO 2020-07-08 23:54:40,626 basehttp 124 "GET /xadmin/jsi18n/ HTTP/1.1" 200 7684
INFO 2020-07-08 23:54:51,006 basehttp 124 "GET /xadmin/home/nav/add/ HTTP/1.1" 200 19168
INFO 2020-07-08 23:54:55,054 basehttp 124 "GET /xadmin/jsi18n/ HTTP/1.1" 200 7684
INFO 2020-07-08 23:55:07,972 basehttp 124 "POST /xadmin/home/nav/add/ HTTP/1.1" 302 0
INFO 2020-07-08 23:55:12,101 basehttp 124 "GET /xadmin/home/nav/add/ HTTP/1.1" 200 19511
INFO 2020-07-08 23:55:16,184 basehttp 124 "GET /xadmin/jsi18n/ HTTP/1.1" 200 7684
INFO 2020-07-08 23:55:27,959 basehttp 124 "POST /xadmin/home/nav/add/ HTTP/1.1" 302 0
INFO 2020-07-08 23:55:32,135 basehttp 124 "GET /xadmin/home/nav/add/ HTTP/1.1" 200 19511
INFO 2020-07-08 23:55:36,201 basehttp 124 "GET /xadmin/jsi18n/ HTTP/1.1" 200 7684
INFO 2020-07-08 23:56:04,191 basehttp 124 "POST /xadmin/home/nav/add/ HTTP/1.1" 302 0
INFO 2020-07-08 23:56:08,320 basehttp 124 "GET /xadmin/home/nav/add/ HTTP/1.1" 200 19511
INFO 2020-07-08 23:56:12,375 basehttp 124 "GET /xadmin/jsi18n/ HTTP/1.1" 200 7684
INFO 2020-07-08 23:56:25,330 basehttp 124 "POST /xadmin/home/nav/add/ HTTP/1.1" 302 0
INFO 2020-07-08 23:56:29,462 basehttp 124 "GET /xadmin/home/nav/add/ HTTP/1.1" 200 19511
INFO 2020-07-08 23:56:33,527 basehttp 124 "GET /xadmin/jsi18n/ HTTP/1.1" 200 7684
INFO 2020-07-08 23:56:45,625 basehttp 124 "POST /xadmin/home/nav/add/ HTTP/1.1" 302 0
INFO 2020-07-08 23:56:49,783 basehttp 124 "GET /xadmin/home/nav/add/ HTTP/1.1" 200 19511
INFO 2020-07-08 23:56:53,826 basehttp 124 "GET /xadmin/jsi18n/ HTTP/1.1" 200 7684
INFO 2020-07-08 23:57:10,217 basehttp 124 "POST /xadmin/home/nav/add/ HTTP/1.1" 302 0
INFO 2020-07-08 23:57:14,437 basehttp 124 "GET /xadmin/home/nav/ HTTP/1.1" 200 34219
INFO 2020-07-08 23:57:18,541 basehttp 124 "GET /xadmin/jsi18n/ HTTP/1.1" 200 7684
INFO 2020-07-08 23:57:29,079 basehttp 124 "GET /xadmin/home/nav/4/update/ HTTP/1.1" 200 19513
INFO 2020-07-08 23:57:33,236 basehttp 124 "GET /xadmin/jsi18n/ HTTP/1.1" 200 7684
INFO 2020-07-08 23:57:40,728 basehttp 124 "POST /xadmin/home/nav/4/update/ HTTP/1.1" 302 0
INFO 2020-07-08 23:57:44,959 basehttp 124 "GET /xadmin/home/nav/ HTTP/1.1" 200 34168
INFO 2020-07-08 23:57:49,039 basehttp 124 "GET /xadmin/jsi18n/ HTTP/1.1" 200 7684
INFO 2020-07-08 23:57:55,332 basehttp 124 "GET /xadmin/home/nav/3/update/ HTTP/1.1" 200 19477
INFO 2020-07-08 23:57:59,377 basehttp 124 "GET /xadmin/jsi18n/ HTTP/1.1" 200 7684
INFO 2020-07-08 23:58:09,091 basehttp 124 "POST /xadmin/home/nav/3/update/ HTTP/1.1" 302 0
INFO 2020-07-08 23:58:13,297 basehttp 124 "GET /xadmin/home/nav/ HTTP/1.1" 200 34160
INFO 2020-07-08 23:58:17,360 basehttp 124 "GET /xadmin/jsi18n/ HTTP/1.1" 200 7684
INFO 2020-07-08 23:58:29,807 basehttp 124 "GET /home/banner/ HTTP/1.1" 200 395
INFO 2020-07-08 23:58:29,809 basehttp 124 "GET /home/nav/ HTTP/1.1" 200 683
INFO 2020-07-08 23:58:29,874 basehttp 124 "GET /media/banner/u20758204293405854705fm26gp0.jpg HTTP/1.1" 304 0
INFO 2020-07-08 23:58:29,880 basehttp 124 "GET /media/banner/timg_4.jpg HTTP/1.1" 304 0
INFO 2020-07-08 23:58:29,884 basehttp 124 "GET /media/banner/timg_5.jpg HTTP/1.1" 304 0
INFO 2020-07-08 23:58:29,886 basehttp 124 "GET /media/banner/timg_6.jpg HTTP/1.1" 304 0
INFO 2020-07-08 23:58:33,848 basehttp 124 "GET /home/nav/ HTTP/1.1" 200 683
INFO 2020-07-09 00:02:46,730 basehttp 124 "GET /home/banner/ HTTP/1.1" 200 395
INFO 2020-07-09 00:02:46,731 basehttp 124 "GET /home/nav/ HTTP/1.1" 200 683
INFO 2020-07-09 00:02:46,815 basehttp 124 "GET /media/banner/u20758204293405854705fm26gp0.jpg HTTP/1.1" 304 0
INFO 2020-07-09 00:02:46,816 basehttp 124 "GET /media/banner/timg_4.jpg HTTP/1.1" 304 0
INFO 2020-07-09 00:02:46,817 basehttp 124 "GET /media/banner/timg_5.jpg HTTP/1.1" 304 0
INFO 2020-07-09 00:02:46,830 basehttp 124 "GET /media/banner/timg_6.jpg HTTP/1.1" 304 0
INFO 2020-07-09 00:02:50,766 basehttp 124 "GET /home/nav/ HTTP/1.1" 200 683
INFO 2020-07-09 00:10:14,519 basehttp 124 "GET /home/banner/ HTTP/1.1" 200 395
INFO 2020-07-09 00:10:14,521 basehttp 124 "GET /home/nav/ HTTP/1.1" 200 683
INFO 2020-07-09 00:10:14,595 basehttp 124 "GET /media/banner/u20758204293405854705fm26gp0.jpg HTTP/1.1" 304 0
INFO 2020-07-09 00:10:14,595 basehttp 124 "GET /media/banner/timg_4.jpg HTTP/1.1" 304 0
INFO 2020-07-09 00:10:14,606 basehttp 124 "GET /media/banner/timg_5.jpg HTTP/1.1" 304 0
INFO 2020-07-09 00:10:14,616 basehttp 124 "GET /media/banner/timg_6.jpg HTTP/1.1" 304 0
INFO 2020-07-09 00:10:18,658 basehttp 124 "GET /home/nav/ HTTP/1.1" 200 683
INFO 2020-07-09 00:11:41,630 basehttp 124 "GET /home/nav/ HTTP/1.1" 200 683
ERROR 2020-07-09 00:11:41,879 basehttp 124 "GET /home/nav/ HTTP/1.1" 500 59
INFO 2020-07-09 00:11:42,416 basehttp 124 "GET /home/nav/ HTTP/1.1" 200 683
INFO 2020-07-09 00:11:42,536 basehttp 124 "GET /home/banner/ HTTP/1.1" 200 395
INFO 2020-07-09 00:11:46,516 basehttp 124 "GET /home/nav/ HTTP/1.1" 200 683
INFO 2020-07-09 00:12:38,670 basehttp 124 "GET /home/banner/ HTTP/1.1" 200 395
INFO 2020-07-09 00:12:38,741 basehttp 124 "GET /home/nav/ HTTP/1.1" 200 683
INFO 2020-07-09 00:12:42,775 basehttp 124 "GET /home/nav/ HTTP/1.1" 200 683
INFO 2020-07-09 00:14:40,233 basehttp 124 "GET /home/banner/ HTTP/1.1" 200 395
INFO 2020-07-09 00:14:40,239 basehttp 124 "GET /home/nav/ HTTP/1.1" 200 683
INFO 2020-07-09 00:14:40,251 basehttp 124 "GET /media/banner/u20758204293405854705fm26gp0.jpg HTTP/1.1" 304 0
INFO 2020-07-09 00:14:40,260 basehttp 124 "GET /media/banner/timg_4.jpg HTTP/1.1" 304 0
INFO 2020-07-09 00:14:40,264 basehttp 124 "GET /media/banner/timg_5.jpg HTTP/1.1" 304 0
INFO 2020-07-09 00:14:40,264 basehttp 124 "GET /media/banner/timg_6.jpg HTTP/1.1" 304 0
INFO 2020-07-09 00:14:44,294 basehttp 124 "GET /home/nav/ HTTP/1.1" 200 683
INFO 2020-07-09 00:15:15,486 basehttp 124 "GET /home/nav/ HTTP/1.1" 200 683
INFO 2020-07-09 00:15:15,523 basehttp 124 "GET /home/banner/ HTTP/1.1" 200 395
INFO 2020-07-09 00:15:19,579 basehttp 124 "GET /home/nav/ HTTP/1.1" 200 683
INFO 2020-07-09 00:16:29,176 basehttp 124 "GET /home/banner/ HTTP/1.1" 200 395
INFO 2020-07-09 00:16:29,239 basehttp 124 "GET /home/nav/ HTTP/1.1" 200 683
INFO 2020-07-09 00:16:33,334 basehttp 124 "GET /home/nav/ HTTP/1.1" 200 683
INFO 2020-07-09 00:17:24,830 basehttp 124 "GET /home/nav/ HTTP/1.1" 200 683
INFO 2020-07-09 00:17:24,856 basehttp 124 "GET /home/banner/ HTTP/1.1" 200 395
INFO 2020-07-09 00:17:28,918 basehttp 124 "GET /home/nav/ HTTP/1.1" 200 683
INFO 2020-07-09 00:18:00,791 basehttp 124 "GET /home/banner/ HTTP/1.1" 200 395
INFO 2020-07-09 00:18:00,850 basehttp 124 "GET /home/nav/ HTTP/1.1" 200 683
INFO 2020-07-09 00:18:04,887 basehttp 124 "GET /home/nav/ HTTP/1.1" 200 683
ERROR 2020-07-09 10:01:07,116 exception 74 Invalid HTTP_HOST header: '127.0.0.1:9001'. You may need to add '127.0.0.1' to ALLOWED_HOSTS.
WARNING 2020-07-09 10:01:08,710 basehttp 124 "GET / HTTP/1.1" 400 67906
ERROR 2020-07-09 10:01:13,616 exception 74 Invalid HTTP_HOST header: '127.0.0.1:9001'. You may need to add '127.0.0.1' to ALLOWED_HOSTS.
WARNING 2020-07-09 10:01:13,710 basehttp 124 "GET /favicon.ico HTTP/1.1" 400 67819
INFO 2020-07-09 10:02:00,344 basehttp 124 "GET /xadmin/home/nav/add/ HTTP/1.1" 200 19168
INFO 2020-07-09 10:02:00,606 basehttp 124 "GET /static/xadmin/css/xadmin.main.css HTTP/1.1" 304 0
INFO 2020-07-09 10:02:00,613 basehttp 124 "GET /static/xadmin/vendor/font-awesome/css/font-awesome.css HTTP/1.1" 304 0
INFO 2020-07-09 10:02:00,617 basehttp 124 "GET /static/xadmin/css/themes/bootstrap-xadmin.css HTTP/1.1" 304 0
INFO 2020-07-09 10:02:00,620 basehttp 124 "GET /static/xadmin/vendor/bootstrap/css/bootstrap.css HTTP/1.1" 304 0
INFO 2020-07-09 10:02:00,622 basehttp 124 "GET /static/xadmin/css/xadmin.plugins.css HTTP/1.1" 304 0
INFO 2020-07-09 10:02:00,623 basehttp 124 "GET /static/xadmin/css/xadmin.responsive.css HTTP/1.1" 304 0
INFO 2020-07-09 10:02:00,649 basehttp 124 "GET /static/xadmin/vendor/selectize/selectize.bootstrap3.css HTTP/1.1" 304 0
INFO 2020-07-09 10:02:00,664 basehttp 124 "GET /static/xadmin/css/xadmin.form.css HTTP/1.1" 304 0
INFO 2020-07-09 10:02:00,796 basehttp 124 "GET /static/xadmin/vendor/selectize/selectize.css HTTP/1.1" 304 0
INFO 2020-07-09 10:02:00,805 basehttp 124 "GET /static/xadmin/vendor/select2/select2.css HTTP/1.1" 304 0
INFO 2020-07-09 10:02:00,880 basehttp 124 "GET /static/xadmin/vendor/jquery/jquery.js HTTP/1.1" 304 0
INFO 2020-07-09 10:02:01,062 basehttp 124 "GET /static/xadmin/vendor/jquery-ui/jquery.ui.widget.js HTTP/1.1" 304 0
INFO 2020-07-09 10:02:01,151 basehttp 124 "GET /static/xadmin/vendor/jquery-ui/jquery.ui.core.js HTTP/1.1" 304 0
INFO 2020-07-09 10:02:01,165 basehttp 124 "GET /static/xadmin/js/xadmin.main.js HTTP/1.1" 304 0
INFO 2020-07-09 10:02:01,175 basehttp 124 "GET /static/xadmin/vendor/jquery-ui/jquery.ui.mouse.js HTTP/1.1" 304 0
INFO 2020-07-09 10:02:01,204 basehttp 124 "GET /static/xadmin/vendor/jquery-ui/jquery.ui.sortable.js HTTP/1.1" 304 0
INFO 2020-07-09 10:02:01,215 basehttp 124 "GET /static/xadmin/js/xadmin.responsive.js HTTP/1.1" 304 0
INFO 2020-07-09 10:02:01,281 basehttp 124 "GET /static/xadmin/vendor/jquery-ui/jquery.ui.effect.js HTTP/1.1" 304 0
INFO 2020-07-09 10:02:01,283 basehttp 124 "GET /static/xadmin/vendor/selectize/selectize.js HTTP/1.1" 304 0
INFO 2020-07-09 10:02:01,288 basehttp 124 "GET /static/xadmin/js/xadmin.plugin.themes.js HTTP/1.1" 304 0
INFO 2020-07-09 10:02:01,322 basehttp 124 "GET /static/xadmin/vendor/select2/select2_locale_zh-hans.js HTTP/1.1" 304 0
INFO 2020-07-09 10:02:01,339 basehttp 124 "GET /static/xadmin/js/xadmin.widget.select.js HTTP/1.1" 304 0
INFO 2020-07-09 10:02:01,350 basehttp 124 "GET /static/xadmin/vendor/bootstrap/js/bootstrap.js HTTP/1.1" 304 0
INFO 2020-07-09 10:02:01,356 basehttp 124 "GET /static/xadmin/js/xadmin.page.form.js HTTP/1.1" 304 0
INFO 2020-07-09 10:02:01,358 basehttp 124 "GET /static/xadmin/js/xadmin.plugin.portal.js HTTP/1.1" 304 0
INFO 2020-07-09 10:02:01,419 basehttp 124 "GET /static/xadmin/vendor/select2/select2.js HTTP/1.1" 304 0
INFO 2020-07-09 10:02:05,030 basehttp 124 "GET /xadmin/jsi18n/ HTTP/1.1" 200 7684
INFO 2020-07-09 10:02:05,843 basehttp 124 "GET /static/xadmin/vendor/font-awesome/fonts/fontawesome-webfont.woff?v=4.0.3 HTTP/1.1" 304 0
WARNING 2020-07-09 10:02:06,114 base 93 Not Found: /favicon.ico
WARNING 2020-07-09 10:02:06,115 basehttp 124 "GET /favicon.ico HTTP/1.1" 404 2212
INFO 2020-07-09 10:02:18,214 basehttp 124 "GET /xadmin/home/banner/ HTTP/1.1" 200 29820
INFO 2020-07-09 10:02:18,376 basehttp 124 "GET /static/xadmin/js/xadmin.plugin.bookmark.js HTTP/1.1" 304 0
INFO 2020-07-09 10:02:18,377 basehttp 124 "GET /static/xadmin/js/xadmin.plugin.filters.js HTTP/1.1" 304 0
INFO 2020-07-09 10:02:18,378 basehttp 124 "GET /static/xadmin/js/xadmin.page.list.js HTTP/1.1" 304 0
INFO 2020-07-09 10:02:18,378 basehttp 124 "GET /static/xadmin/js/xadmin.plugin.details.js HTTP/1.1" 304 0
INFO 2020-07-09 10:02:18,378 basehttp 124 "GET /static/xadmin/js/xadmin.plugin.actions.js HTTP/1.1" 304 0
INFO 2020-07-09 10:02:22,369 basehttp 124 "GET /xadmin/jsi18n/ HTTP/1.1" 200 7684
INFO 2020-07-09 10:02:38,882 basehttp 124 "GET /xadmin/home/nav/ HTTP/1.1" 200 33925
INFO 2020-07-09 10:02:43,388 basehttp 124 "GET /xadmin/jsi18n/ HTTP/1.1" 200 7684
INFO 2020-07-09 10:02:54,468 basehttp 124 "GET /xadmin/home/nav/1/update/ HTTP/1.1" 200 19501
INFO 2020-07-09 10:02:58,812 basehttp 124 "GET /xadmin/jsi18n/ HTTP/1.1" 200 7684
INFO 2020-07-09 10:03:29,978 basehttp 124 "POST /xadmin/home/nav/1/update/ HTTP/1.1" 302 0
INFO 2020-07-09 10:03:34,200 basehttp 124 "GET /xadmin/home/nav/ HTTP/1.1" 200 34164
INFO 2020-07-09 10:03:38,309 basehttp 124 "GET /xadmin/jsi18n/ HTTP/1.1" 200 7684
INFO 2020-07-09 10:03:46,198 basehttp 124 "GET /xadmin/home/nav/2/update/ HTTP/1.1" 200 19521
INFO 2020-07-09 10:03:50,390 basehttp 124 "GET /xadmin/jsi18n/ HTTP/1.1" 200 7684
INFO 2020-07-09 10:04:22,721 basehttp 124 "POST /xadmin/home/nav/2/update/ HTTP/1.1" 302 0
INFO 2020-07-09 10:04:27,225 basehttp 124 "GET /xadmin/home/nav/ HTTP/1.1" 200 34169
INFO 2020-07-09 10:04:31,420 basehttp 124 "GET /xadmin/jsi18n/ HTTP/1.1" 200 7684
INFO 2020-07-09 10:04:44,345 basehttp 124 "GET /xadmin/home/nav/3/update/ HTTP/1.1" 200 19485
INFO 2020-07-09 10:04:48,484 basehttp 124 "GET /xadmin/jsi18n/ HTTP/1.1" 200 7684
INFO 2020-07-09 10:05:07,118 basehttp 124 "POST /xadmin/home/nav/3/update/ HTTP/1.1" 302 0
INFO 2020-07-09 10:05:11,858 basehttp 124 "GET /xadmin/home/nav/ HTTP/1.1" 200 34160
INFO 2020-07-09 10:05:16,381 basehttp 124 "GET /xadmin/jsi18n/ HTTP/1.1" 200 7684
INFO 2020-07-09 10:05:26,637 basehttp 124 "GET /xadmin/home/nav/4/update/ HTTP/1.1" 200 19521
INFO 2020-07-09 10:05:31,389 basehttp 124 "GET /xadmin/jsi18n/ HTTP/1.1" 200 7684
INFO 2020-07-09 10:05:45,050 basehttp 124 "POST /xadmin/home/nav/4/update/ HTTP/1.1" 302 0
INFO 2020-07-09 10:05:49,779 basehttp 124 "GET /xadmin/home/nav/ HTTP/1.1" 200 34169
INFO 2020-07-09 10:05:54,984 basehttp 124 "GET /xadmin/jsi18n/ HTTP/1.1" 200 7684
INFO 2020-07-09 10:09:55,770 basehttp 124 "GET /xadmin/home/nav/5/update/ HTTP/1.1" 200 19485
ERROR 2020-07-09 10:09:55,854 basehttp 124 "GET /xadmin/home/nav/5/update/ HTTP/1.1" 500 59
INFO 2020-07-09 10:09:57,707 basehttp 124 "GET /xadmin/home/nav/5/update/ HTTP/1.1" 200 19485
INFO 2020-07-09 10:10:02,145 basehttp 124 "GET /xadmin/jsi18n/ HTTP/1.1" 200 7684
INFO 2020-07-09 10:10:17,993 basehttp 124 "POST /xadmin/home/nav/5/update/ HTTP/1.1" 302 0
INFO 2020-07-09 10:10:22,216 basehttp 124 "GET /xadmin/home/nav/ HTTP/1.1" 200 34160
INFO 2020-07-09 10:10:26,404 basehttp 124 "GET /xadmin/jsi18n/ HTTP/1.1" 200 7684
INFO 2020-07-09 10:10:33,241 basehttp 124 "GET /xadmin/home/nav/8/update/ HTTP/1.1" 200 19485
INFO 2020-07-09 10:10:37,374 basehttp 124 "GET /xadmin/jsi18n/ HTTP/1.1" 200 7684
INFO 2020-07-09 10:10:57,189 basehttp 124 "POST /xadmin/home/nav/8/update/ HTTP/1.1" 302 0
INFO 2020-07-09 10:11:01,730 basehttp 124 "GET /xadmin/home/nav/ HTTP/1.1" 200 34160
INFO 2020-07-09 10:11:05,918 basehttp 124 "GET /xadmin/jsi18n/ HTTP/1.1" 200 7684
INFO 2020-07-09 10:11:14,827 basehttp 124 "GET /xadmin/home/nav/6/update/ HTTP/1.1" 200 19485
INFO 2020-07-09 10:11:19,325 basehttp 124 "GET /xadmin/jsi18n/ HTTP/1.1" 200 7684
INFO 2020-07-09 10:11:35,797 basehttp 124 "POST /xadmin/home/nav/6/update/ HTTP/1.1" 302 0
INFO 2020-07-09 10:11:41,154 basehttp 124 "GET /xadmin/home/nav/ HTTP/1.1" 200 34160
INFO 2020-07-09 10:11:46,147 basehttp 124 "GET /xadmin/jsi18n/ HTTP/1.1" 200 7684
INFO 2020-07-09 10:14:24,854 basehttp 124 "GET /xadmin/home/nav/7/update/ HTTP/1.1" 200 19485
INFO 2020-07-09 10:14:29,584 basehttp 124 "GET /xadmin/jsi18n/ HTTP/1.1" 200 7684
INFO 2020-07-09 10:14:50,517 basehttp 124 "POST /xadmin/home/nav/7/update/ HTTP/1.1" 302 0
INFO 2020-07-09 10:14:55,164 basehttp 124 "GET /xadmin/home/nav/ HTTP/1.1" 200 34160
INFO 2020-07-09 10:14:59,964 basehttp 124 "GET /xadmin/jsi18n/ HTTP/1.1" 200 7684
INFO 2020-07-09 10:16:07,821 basehttp 124 "GET /xadmin/home/nav/9/update/ HTTP/1.1" 200 19485
INFO 2020-07-09 10:16:12,512 basehttp 124 "GET /xadmin/jsi18n/ HTTP/1.1" 200 7684
INFO 2020-07-09 10:16:35,345 basehttp 124 "POST /xadmin/home/nav/9/update/ HTTP/1.1" 302 0
INFO 2020-07-09 10:16:41,063 basehttp 124 "GET /xadmin/home/nav/ HTTP/1.1" 200 34160
INFO 2020-07-09 10:16:45,847 basehttp 124 "GET /xadmin/jsi18n/ HTTP/1.1" 200 7684
INFO 2020-07-09 10:20:44,627 basehttp 124 "GET /xadmin/home/nav/10/update/ HTTP/1.1" 200 19487
INFO 2020-07-09 10:20:48,789 basehttp 124 "GET /xadmin/jsi18n/ HTTP/1.1" 200 7684
INFO 2020-07-09 10:21:09,433 basehttp 124 "POST /xadmin/home/nav/10/update/ HTTP/1.1" 302 0
INFO 2020-07-09 10:21:13,908 basehttp 124 "GET /xadmin/home/nav/ HTTP/1.1" 200 34160
INFO 2020-07-09 10:21:18,145 basehttp 124 "GET /xadmin/jsi18n/ HTTP/1.1" 200 7684
INFO 2020-07-09 10:21:29,284 basehttp 124 "GET /xadmin/home/nav/10/update/ HTTP/1.1" 200 19497
INFO 2020-07-09 10:21:33,645 basehttp 124 "GET /xadmin/jsi18n/ HTTP/1.1" 200 7684
INFO 2020-07-09 10:33:32,249 basehttp 124 "GET /home/banner/ HTTP/1.1" 200 395
ERROR 2020-07-09 10:33:32,591 exceptions 18 <home.views.NavListAPIView object at 0x000001D8805F7B70> GET Field name `is_status` is not valid for model `Nav`.
INFO 2020-07-09 10:33:32,603 basehttp 124 "GET /media/banner/u20758204293405854705fm26gp0.jpg HTTP/1.1" 304 0
INFO 2020-07-09 10:33:32,603 basehttp 124 "GET /media/banner/timg_5.jpg HTTP/1.1" 304 0
INFO 2020-07-09 10:33:32,609 basehttp 124 "GET /media/banner/timg_6.jpg HTTP/1.1" 304 0
INFO 2020-07-09 10:33:32,610 basehttp 124 "GET /media/banner/timg_4.jpg HTTP/1.1" 304 0
ERROR 2020-07-09 10:33:32,614 basehttp 124 "GET /home/nav/ HTTP/1.1" 500 56
ERROR 2020-07-09 10:33:36,670 exceptions 18 <home.views.NavListAPIView object at 0x000001D8805C5B00> GET Field name `is_status` is not valid for model `Nav`.
ERROR 2020-07-09 10:33:36,677 basehttp 124 "GET /home/nav/ HTTP/1.1" 500 56
INFO 2020-07-09 10:35:19,483 basehttp 124 "GET /home/nav/ HTTP/1.1" 200 350
INFO 2020-07-09 10:35:19,785 basehttp 124 "GET /home/banner/ HTTP/1.1" 200 395
INFO 2020-07-09 10:35:23,545 basehttp 124 "GET /home/nav/ HTTP/1.1" 200 350
INFO 2020-07-09 10:37:14,869 basehttp 124 "GET /home/banner/ HTTP/1.1" 200 395
INFO 2020-07-09 10:37:14,896 basehttp 124 "GET /home/nav/ HTTP/1.1" 200 350
INFO 2020-07-09 10:37:18,913 basehttp 124 "GET /home/nav/ HTTP/1.1" 200 350
INFO 2020-07-09 10:37:52,240 basehttp 124 "GET /home/banner/ HTTP/1.1" 200 395
INFO 2020-07-09 10:37:52,240 basehttp 124 "GET /home/nav/ HTTP/1.1" 200 350
INFO 2020-07-09 10:37:56,262 basehttp 124 "GET /home/nav/ HTTP/1.1" 200 350
INFO 2020-07-09 10:40:15,096 basehttp 124 "GET /home/nav/ HTTP/1.1" 200 350
INFO 2020-07-09 10:40:15,250 basehttp 124 "GET /home/banner/ HTTP/1.1" 200 395
INFO 2020-07-09 10:40:19,845 basehttp 124 "GET /home/nav/ HTTP/1.1" 200 350
INFO 2020-07-09 10:40:44,167 basehttp 124 "GET /home/banner/ HTTP/1.1" 200 395
INFO 2020-07-09 10:40:44,211 basehttp 124 "GET /home/nav/ HTTP/1.1" 200 350
INFO 2020-07-09 10:40:48,250 basehttp 124 "GET /home/nav/ HTTP/1.1" 200 350
INFO 2020-07-09 10:42:03,637 basehttp 124 "GET /home/nav/ HTTP/1.1" 200 350
INFO 2020-07-09 10:42:03,665 basehttp 124 "GET /home/banner/ HTTP/1.1" 200 395
INFO 2020-07-09 10:42:07,669 basehttp 124 "GET /home/nav/ HTTP/1.1" 200 350
INFO 2020-07-09 10:42:19,787 basehttp 124 "GET /home/banner/ HTTP/1.1" 200 395
INFO 2020-07-09 10:42:19,790 basehttp 124 "GET /home/nav/ HTTP/1.1" 200 350
INFO 2020-07-09 10:42:23,817 basehttp 124 "GET /home/nav/ HTTP/1.1" 200 350
INFO 2020-07-09 10:42:47,651 basehttp 124 "GET /home/nav/ HTTP/1.1" 200 350
INFO 2020-07-09 10:42:47,664 basehttp 124 "GET /home/banner/ HTTP/1.1" 200 395
INFO 2020-07-09 10:42:51,682 basehttp 124 "GET /home/nav/ HTTP/1.1" 200 350
INFO 2020-07-09 10:46:29,846 basehttp 124 "GET /home/banner/ HTTP/1.1" 200 395
INFO 2020-07-09 10:46:29,877 basehttp 124 "GET /home/nav/ HTTP/1.1" 200 350
INFO 2020-07-09 10:46:33,966 basehttp 124 "GET /home/nav/ HTTP/1.1" 200 350
INFO 2020-07-09 10:47:09,376 basehttp 124 "GET /home/nav/ HTTP/1.1" 200 350
INFO 2020-07-09 10:47:09,386 basehttp 124 "GET /home/banner/ HTTP/1.1" 200 395
INFO 2020-07-09 10:47:13,425 basehttp 124 "GET /home/nav/ HTTP/1.1" 200 350
INFO 2020-07-09 10:48:05,044 basehttp 124 "GET /home/nav/ HTTP/1.1" 200 350
INFO 2020-07-09 10:48:05,471 basehttp 124 "GET /home/banner/ HTTP/1.1" 200 395
INFO 2020-07-09 10:48:09,079 basehttp 124 "GET /home/nav/ HTTP/1.1" 200 350
INFO 2020-07-09 10:48:43,571 basehttp 124 "GET /home/banner/ HTTP/1.1" 200 395
INFO 2020-07-09 10:48:43,578 basehttp 124 "GET /home/nav/ HTTP/1.1" 200 350
INFO 2020-07-09 10:48:47,608 basehttp 124 "GET /home/nav/ HTTP/1.1" 200 350
INFO 2020-07-09 10:49:00,646 basehttp 124 "GET /home/nav/ HTTP/1.1" 200 350
INFO 2020-07-09 10:49:00,692 basehttp 124 "GET /home/banner/ HTTP/1.1" 200 395
INFO 2020-07-09 10:49:04,700 basehttp 124 "GET /home/nav/ HTTP/1.1" 200 350
INFO 2020-07-09 10:55:50,445 basehttp 124 "GET /home/banner/ HTTP/1.1" 200 395
INFO 2020-07-09 10:55:50,450 basehttp 124 "GET /home/nav/ HTTP/1.1" 200 350
INFO 2020-07-09 10:55:54,470 basehttp 124 "GET /home/nav/ HTTP/1.1" 200 350
INFO 2020-07-09 10:56:27,371 basehttp 124 "GET /home/nav/ HTTP/1.1" 200 350
INFO 2020-07-09 10:56:27,389 basehttp 124 "GET /home/banner/ HTTP/1.1" 200 395
INFO 2020-07-09 10:56:31,411 basehttp 124 "GET /home/nav/ HTTP/1.1" 200 350
INFO 2020-07-09 11:06:15,084 basehttp 124 "GET /home/nav/ HTTP/1.1" 200 350
INFO 2020-07-09 11:06:15,165 basehttp 124 "GET /home/banner/ HTTP/1.1" 200 395
INFO 2020-07-09 11:06:19,152 basehttp 124 "GET /home/nav/ HTTP/1.1" 200 350
